<?xml version="1.0" encoding="UTF-8"?>
<!-- Generated by org.testng.reporters.JUnitXMLReporter -->
<testsuite ignored="0" hostname="DESKTOP-LJDPNHE" failures="0" tests="6" name="Chrome Test" time="44.03" errors="0" timestamp="2024-02-18T19:48:58 IST">
  <testcase classname="tests.flipkartSearchTest" name="addSponsoreditem" time="12.418"/>
  <testcase classname="tests.flipkartSearchTest" name="addSponsoreditem" time="5.952"/>
  <testcase classname="tests.flipkartSearchTest" name="addSponsoreditem" time="5.976"/>
  <testcase classname="tests.flipkartSearchTest" name="testSearch" time="4.73"/>
  <testcase classname="tests.flipkartSearchTest" name="testSearch" time="3.927"/>
  <testcase classname="tests.flipkartSearchTest" name="testSearch" time="4.169"/>
</testsuite> <!-- Chrome Test -->
